[  3200.727] (WW) Failed to open protocol names file lib/xorg/protocol.txt
[  3200.728] 
X.Org X Server 1.20.10
X Protocol Version 11, Revision 0
[  3200.729] Build Operating System: Linux Arch Linux
[  3200.729] Current Operating System: Linux Odin 5.10.6-arch1-1 #1 SMP PREEMPT Sat, 09 Jan 2021 18:22:35 +0000 x86_64
[  3200.729] Kernel command line: ro root=UUID=8267033a-27af-4843-bdd6-20871820638b initrd=\initramfs-linux.img
[  3200.730] Build Date: 14 December 2020  12:10:29PM
[  3200.730]  
[  3200.731] Current version of pixman: 0.40.0
[  3200.731] 	Before reporting problems, check http://wiki.x.org
	to make sure that you have the latest version.
[  3200.731] Markers: (--) probed, (**) from config file, (==) default setting,
	(++) from command line, (!!) notice, (II) informational,
	(WW) warning, (EE) error, (NI) not implemented, (??) unknown.
[  3200.733] (==) Log file: "/home/emph/.local/share/xorg/Xorg.2.log", Time: Wed Jan 13 00:21:57 2021
[  3200.734] (==) Using system config directory "/usr/share/X11/xorg.conf.d"
[  3200.734] (==) No Layout section.  Using the first Screen section.
[  3200.734] (==) No screen section available. Using defaults.
[  3200.734] (**) |-->Screen "Default Screen Section" (0)
[  3200.734] (**) |   |-->Monitor "<default monitor>"
[  3200.734] (==) No monitor specified for screen "Default Screen Section".
	Using a default monitor configuration.
[  3200.734] (==) Automatically adding devices
[  3200.734] (==) Automatically enabling devices
[  3200.734] (==) Automatically adding GPU devices
[  3200.734] (==) Automatically binding GPU devices
[  3200.734] (==) Max clients allowed: 256, resource mask: 0x1fffff
[  3200.734] (WW) The directory "/usr/share/fonts/misc" does not exist.
[  3200.734] 	Entry deleted from font path.
[  3200.734] (WW) The directory "/usr/share/fonts/OTF" does not exist.
[  3200.734] 	Entry deleted from font path.
[  3200.734] (WW) The directory "/usr/share/fonts/Type1" does not exist.
[  3200.734] 	Entry deleted from font path.
[  3200.734] (==) FontPath set to:
	/usr/share/fonts/TTF,
	/usr/share/fonts/100dpi,
	/usr/share/fonts/75dpi
[  3200.734] (==) ModulePath set to "/usr/lib/xorg/modules"
[  3200.734] (II) The server relies on udev to provide the list of input devices.
	If no devices become available, reconfigure udev or disable AutoAddDevices.
[  3200.734] (II) Module ABI versions:
[  3200.734] 	X.Org ANSI C Emulation: 0.4
[  3200.734] 	X.Org Video Driver: 24.1
[  3200.734] 	X.Org XInput driver : 24.1
[  3200.734] 	X.Org Server Extension : 10.0
[  3200.735] (++) using VT number 5

[  3200.736] (II) systemd-logind: took control of session /org/freedesktop/login1/session/_35
[  3200.737] (II) xfree86: Adding drm device (/dev/dri/card0)
[  3200.737] (II) systemd-logind: got fd for /dev/dri/card0 226:0 fd 10 paused 0
[  3200.738] (--) PCI:*(0@0:2:0) 15ad:0405:15ad:0405 rev 0, Mem @ 0xe0000000/134217728, 0xe8400000/2097152, I/O @ 0x0000c170/16, BIOS @ 0x????????/131072
[  3200.738] (WW) Open ACPI failed (/var/run/acpid.socket) (No such file or directory)
[  3200.738] (II) LoadModule: "glx"
[  3200.738] (II) Loading /usr/lib/xorg/modules/extensions/libglx.so
[  3200.739] (II) Module glx: vendor="X.Org Foundation"
[  3200.739] 	compiled for 1.20.10, module version = 1.0.0
[  3200.739] 	ABI class: X.Org Server Extension, version 10.0
[  3200.739] (==) Matched vmware as autoconfigured driver 0
[  3200.739] (==) Matched modesetting as autoconfigured driver 1
[  3200.739] (==) Matched fbdev as autoconfigured driver 2
[  3200.739] (==) Matched vesa as autoconfigured driver 3
[  3200.739] (==) Assigned the driver to the xf86ConfigLayout
[  3200.739] (II) LoadModule: "vmware"
[  3200.739] (WW) Warning, couldn't open module vmware
[  3200.739] (EE) Failed to load module "vmware" (module does not exist, 0)
[  3200.739] (II) LoadModule: "modesetting"
[  3200.739] (II) Loading /usr/lib/xorg/modules/drivers/modesetting_drv.so
[  3200.740] (II) Module modesetting: vendor="X.Org Foundation"
[  3200.740] 	compiled for 1.20.10, module version = 1.20.10
[  3200.740] 	Module class: X.Org Video Driver
[  3200.740] 	ABI class: X.Org Video Driver, version 24.1
[  3200.740] (II) LoadModule: "fbdev"
[  3200.740] (WW) Warning, couldn't open module fbdev
[  3200.740] (EE) Failed to load module "fbdev" (module does not exist, 0)
[  3200.740] (II) LoadModule: "vesa"
[  3200.740] (II) Loading /usr/lib/xorg/modules/drivers/vesa_drv.so
[  3200.740] (II) Module vesa: vendor="X.Org Foundation"
[  3200.740] 	compiled for 1.20.9, module version = 2.5.0
[  3200.740] 	Module class: X.Org Video Driver
[  3200.740] 	ABI class: X.Org Video Driver, version 24.1
[  3200.740] (II) modesetting: Driver for Modesetting Kernel Drivers: kms
[  3200.740] (II) VESA: driver for VESA chipsets: vesa
[  3200.740] xf86EnableIOPorts: failed to set IOPL for I/O (Operation not permitted)
[  3200.740] (II) modeset(0): using drv /dev/dri/card0
[  3200.740] (WW) VGA arbiter: cannot open kernel arbiter, no multi-card support
[  3200.740] (II) modeset(0): Creating default Display subsection in Screen section
	"Default Screen Section" for depth/fbbpp 24/32
[  3200.740] (==) modeset(0): Depth 24, (==) framebuffer bpp 32
[  3200.740] (==) modeset(0): RGB weight 888
[  3200.740] (==) modeset(0): Default visual is TrueColor
[  3200.740] (II) Loading sub module "glamoregl"
[  3200.740] (II) LoadModule: "glamoregl"
[  3200.740] (II) Loading /usr/lib/xorg/modules/libglamoregl.so
[  3200.742] (II) Module glamoregl: vendor="X.Org Foundation"
[  3200.742] 	compiled for 1.20.10, module version = 1.0.1
[  3200.742] 	ABI class: X.Org ANSI C Emulation, version 0.4
[  3200.779] (II) modeset(0): Refusing to try glamor on llvmpipe
[  3200.779] (EE) modeset(0): glamor initialization failed
[  3200.779] (II) modeset(0): ShadowFB: preferred NO, enabled NO
[  3200.779] (II) modeset(0): Output Virtual-1 has no monitor section
[  3200.779] (II) modeset(0): Output Virtual-2 has no monitor section
[  3200.779] (II) modeset(0): Output Virtual-3 has no monitor section
[  3200.779] (II) modeset(0): Output Virtual-4 has no monitor section
[  3200.779] (II) modeset(0): Output Virtual-5 has no monitor section
[  3200.779] (II) modeset(0): Output Virtual-6 has no monitor section
[  3200.779] (II) modeset(0): Output Virtual-7 has no monitor section
[  3200.779] (II) modeset(0): Output Virtual-8 has no monitor section
[  3200.780] (II) modeset(0): EDID for output Virtual-1
[  3200.780] (II) modeset(0): Printing probed modes for output Virtual-1
[  3200.780] (II) modeset(0): Modeline "preferred"x60.0   64.66  1024 1074 1124 1174  768 818 868 918 -hsync +vsync (55.1 kHz eP)
[  3200.780] (II) modeset(0): Modeline "2560x1600"x60.0  348.50  2560 2752 3032 3504  1600 1603 1609 1658 -hsync +vsync (99.5 kHz e)
[  3200.780] (II) modeset(0): Modeline "1920x1440"x60.0  234.00  1920 2048 2256 2600  1440 1441 1444 1500 -hsync +vsync (90.0 kHz e)
[  3200.780] (II) modeset(0): Modeline "1856x1392"x60.0  218.25  1856 1952 2176 2528  1392 1393 1396 1439 -hsync +vsync (86.3 kHz e)
[  3200.780] (II) modeset(0): Modeline "1792x1344"x60.0  204.75  1792 1920 2120 2448  1344 1345 1348 1394 -hsync +vsync (83.6 kHz e)
[  3200.780] (II) modeset(0): Modeline "1920x1200"x59.9  193.25  1920 2056 2256 2592  1200 1203 1209 1245 -hsync +vsync (74.6 kHz e)
[  3200.780] (II) modeset(0): Modeline "1600x1200"x60.0  162.00  1600 1664 1856 2160  1200 1201 1204 1250 +hsync +vsync (75.0 kHz e)
[  3200.780] (II) modeset(0): Modeline "1680x1050"x60.0  146.25  1680 1784 1960 2240  1050 1053 1059 1089 -hsync +vsync (65.3 kHz e)
[  3200.780] (II) modeset(0): Modeline "1400x1050"x60.0  121.75  1400 1488 1632 1864  1050 1053 1057 1089 -hsync +vsync (65.3 kHz e)
[  3200.780] (II) modeset(0): Modeline "1280x1024"x60.0  108.00  1280 1328 1440 1688  1024 1025 1028 1066 +hsync +vsync (64.0 kHz e)
[  3200.780] (II) modeset(0): Modeline "1440x900"x59.9  106.50  1440 1520 1672 1904  900 903 909 934 -hsync +vsync (55.9 kHz e)
[  3200.780] (II) modeset(0): Modeline "1280x960"x60.0  108.00  1280 1376 1488 1800  960 961 964 1000 +hsync +vsync (60.0 kHz e)
[  3200.780] (II) modeset(0): Modeline "1360x768"x60.0   85.50  1360 1424 1536 1792  768 771 777 795 +hsync +vsync (47.7 kHz e)
[  3200.780] (II) modeset(0): Modeline "1280x800"x59.8   83.50  1280 1352 1480 1680  800 803 809 831 +hsync -vsync (49.7 kHz e)
[  3200.780] (II) modeset(0): Modeline "1152x864"x75.0  108.00  1152 1216 1344 1600  864 865 868 900 +hsync +vsync (67.5 kHz e)
[  3200.780] (II) modeset(0): Modeline "1280x768"x59.9   79.50  1280 1344 1472 1664  768 771 778 798 -hsync +vsync (47.8 kHz e)
[  3200.780] (II) modeset(0): Modeline "1024x768"x60.0   65.00  1024 1048 1184 1344  768 771 777 806 -hsync -vsync (48.4 kHz e)
[  3200.780] (II) modeset(0): Modeline "800x600"x60.3   40.00  800 840 968 1056  600 601 605 628 +hsync +vsync (37.9 kHz e)
[  3200.780] (II) modeset(0): Modeline "640x480"x59.9   25.18  640 656 752 800  480 489 492 525 -hsync -vsync (31.5 kHz e)
[  3200.780] (II) modeset(0): EDID for output Virtual-2
[  3200.780] (II) modeset(0): EDID for output Virtual-3
[  3200.780] (II) modeset(0): EDID for output Virtual-4
[  3200.780] (II) modeset(0): EDID for output Virtual-5
[  3200.780] (II) modeset(0): EDID for output Virtual-6
[  3200.780] (II) modeset(0): EDID for output Virtual-7
[  3200.780] (II) modeset(0): EDID for output Virtual-8
[  3200.780] (II) modeset(0): Output Virtual-1 connected
[  3200.780] (II) modeset(0): Output Virtual-2 disconnected
[  3200.780] (II) modeset(0): Output Virtual-3 disconnected
[  3200.780] (II) modeset(0): Output Virtual-4 disconnected
[  3200.780] (II) modeset(0): Output Virtual-5 disconnected
[  3200.780] (II) modeset(0): Output Virtual-6 disconnected
[  3200.780] (II) modeset(0): Output Virtual-7 disconnected
[  3200.780] (II) modeset(0): Output Virtual-8 disconnected
[  3200.780] (II) modeset(0): Using exact sizes for initial modes
[  3200.780] (II) modeset(0): Output Virtual-1 using initial mode preferred +0+0
[  3200.780] (==) modeset(0): Using gamma correction (1.0, 1.0, 1.0)
[  3200.780] (==) modeset(0): DPI set to (96, 96)
[  3200.780] (II) Loading sub module "fb"
[  3200.780] (II) LoadModule: "fb"
[  3200.780] (II) Loading /usr/lib/xorg/modules/libfb.so
[  3200.780] (II) Module fb: vendor="X.Org Foundation"
[  3200.780] 	compiled for 1.20.10, module version = 1.0.0
[  3200.780] 	ABI class: X.Org ANSI C Emulation, version 0.4
[  3200.780] (II) UnloadModule: "vesa"
[  3200.780] (II) Unloading vesa
[  3200.780] (==) modeset(0): Backing store enabled
[  3200.780] (==) modeset(0): Silken mouse disabled
[  3200.780] (II) modeset(0): Initializing kms color map for depth 24, 8 bpc.
[  3200.780] (==) modeset(0): DPMS enabled
[  3200.780] (II) Initializing extension Generic Event Extension
[  3200.780] (II) Initializing extension SHAPE
[  3200.780] (II) Initializing extension MIT-SHM
[  3200.780] (II) Initializing extension XInputExtension
[  3200.780] (II) Initializing extension XTEST
[  3200.780] (II) Initializing extension BIG-REQUESTS
[  3200.780] (II) Initializing extension SYNC
[  3200.780] (II) Initializing extension XKEYBOARD
[  3200.780] (II) Initializing extension XC-MISC
[  3200.780] (II) Initializing extension SECURITY
[  3200.780] (II) Initializing extension XFIXES
[  3200.780] (II) Initializing extension RENDER
[  3200.780] (II) Initializing extension RANDR
[  3200.780] (II) Initializing extension COMPOSITE
[  3200.780] (II) Initializing extension DAMAGE
[  3200.780] (II) Initializing extension MIT-SCREEN-SAVER
[  3200.780] (II) Initializing extension DOUBLE-BUFFER
[  3200.780] (II) Initializing extension RECORD
[  3200.780] (II) Initializing extension DPMS
[  3200.780] (II) Initializing extension Present
[  3200.780] (II) Initializing extension DRI3
[  3200.780] (II) Initializing extension X-Resource
[  3200.780] (II) Initializing extension XVideo
[  3200.780] (II) Initializing extension XVideo-MotionCompensation
[  3200.780] (II) Initializing extension GLX
[  3200.780] (II) AIGLX: Screen 0 is not DRI2 capable
[  3200.782] (II) IGLX: Loaded and initialized swrast
[  3200.782] (II) GLX: Initialized DRISWRAST GL provider for screen 0
[  3200.782] (II) Initializing extension XFree86-VidModeExtension
[  3200.783] (II) Initializing extension XFree86-DGA
[  3200.783] (II) Initializing extension XFree86-DRI
[  3200.783] (II) Initializing extension DRI2
[  3200.783] (II) modeset(0): Damage tracking initialized
[  3200.783] (II) modeset(0): Setting screen physical size to 270 x 203
[  3200.822] (II) config/udev: Adding input device Power Button (/dev/input/event0)
[  3200.822] (**) Power Button: Applying InputClass "libinput keyboard catchall"
[  3200.822] (II) LoadModule: "libinput"
[  3200.822] (II) Loading /usr/lib/xorg/modules/input/libinput_drv.so
[  3200.823] (II) Module libinput: vendor="X.Org Foundation"
[  3200.823] 	compiled for 1.20.8, module version = 0.30.0
[  3200.823] 	Module class: X.Org XInput Driver
[  3200.823] 	ABI class: X.Org XInput driver, version 24.1
[  3200.823] (II) Using input driver 'libinput' for 'Power Button'
[  3200.824] (II) systemd-logind: got fd for /dev/input/event0 13:64 fd 13 paused 0
[  3200.824] (**) Power Button: always reports core events
[  3200.824] (**) Option "Device" "/dev/input/event0"
[  3200.824] (**) Option "_source" "server/udev"
[  3200.825] (II) event0  - Power Button: is tagged by udev as: Keyboard
[  3200.825] (II) event0  - Power Button: device is a keyboard
[  3200.825] (II) event0  - Power Button: device removed
[  3200.825] (**) Option "config_info" "udev:/sys/devices/LNXSYSTM:00/LNXPWRBN:00/input/input0/event0"
[  3200.825] (II) XINPUT: Adding extended input device "Power Button" (type: KEYBOARD, id 6)
[  3200.826] (II) event0  - Power Button: is tagged by udev as: Keyboard
[  3200.826] (II) event0  - Power Button: device is a keyboard
[  3200.826] (II) config/udev: Adding input device Sleep Button (/dev/input/event1)
[  3200.826] (**) Sleep Button: Applying InputClass "libinput keyboard catchall"
[  3200.826] (II) Using input driver 'libinput' for 'Sleep Button'
[  3200.826] (II) systemd-logind: got fd for /dev/input/event1 13:65 fd 16 paused 0
[  3200.826] (**) Sleep Button: always reports core events
[  3200.826] (**) Option "Device" "/dev/input/event1"
[  3200.826] (**) Option "_source" "server/udev"
[  3200.827] (II) event1  - Sleep Button: is tagged by udev as: Keyboard
[  3200.827] (II) event1  - Sleep Button: device is a keyboard
[  3200.827] (II) event1  - Sleep Button: device removed
[  3200.827] (**) Option "config_info" "udev:/sys/devices/LNXSYSTM:00/LNXSLPBN:00/input/input1/event1"
[  3200.827] (II) XINPUT: Adding extended input device "Sleep Button" (type: KEYBOARD, id 7)
[  3200.827] (II) event1  - Sleep Button: is tagged by udev as: Keyboard
[  3200.827] (II) event1  - Sleep Button: device is a keyboard
[  3200.827] (II) config/udev: Adding input device Video Bus (/dev/input/event6)
[  3200.827] (**) Video Bus: Applying InputClass "libinput keyboard catchall"
[  3200.828] (II) Using input driver 'libinput' for 'Video Bus'
[  3200.828] (II) systemd-logind: got fd for /dev/input/event6 13:70 fd 17 paused 0
[  3200.828] (**) Video Bus: always reports core events
[  3200.828] (**) Option "Device" "/dev/input/event6"
[  3200.828] (**) Option "_source" "server/udev"
[  3200.828] (II) event6  - Video Bus: is tagged by udev as: Keyboard
[  3200.828] (II) event6  - Video Bus: device is a keyboard
[  3200.828] (II) event6  - Video Bus: device removed
[  3200.828] (**) Option "config_info" "udev:/sys/devices/LNXSYSTM:00/LNXSYBUS:00/PNP0A03:00/LNXVIDEO:00/input/input7/event6"
[  3200.828] (II) XINPUT: Adding extended input device "Video Bus" (type: KEYBOARD, id 8)
[  3200.829] (II) event6  - Video Bus: is tagged by udev as: Keyboard
[  3200.829] (II) event6  - Video Bus: device is a keyboard
[  3200.830] (II) config/udev: Adding input device VirtualBox mouse integration (/dev/input/event7)
[  3200.830] (**) VirtualBox mouse integration: Applying InputClass "libinput pointer catchall"
[  3200.830] (II) Using input driver 'libinput' for 'VirtualBox mouse integration'
[  3200.830] (II) systemd-logind: got fd for /dev/input/event7 13:71 fd 18 paused 0
[  3200.830] (**) VirtualBox mouse integration: always reports core events
[  3200.830] (**) Option "Device" "/dev/input/event7"
[  3200.830] (**) Option "_source" "server/udev"
[  3200.830] (II) event7  - VirtualBox mouse integration: is tagged by udev as: Mouse
[  3200.830] (II) event7  - VirtualBox mouse integration: device is a pointer
[  3200.830] (II) event7  - VirtualBox mouse integration: device removed
[  3200.831] (**) Option "config_info" "udev:/sys/devices/pci0000:00/0000:00:04.0/input/input8/event7"
[  3200.831] (II) XINPUT: Adding extended input device "VirtualBox mouse integration" (type: MOUSE, id 9)
[  3200.831] (**) Option "AccelerationScheme" "none"
[  3200.831] (**) VirtualBox mouse integration: (accel) selected scheme none/0
[  3200.831] (**) VirtualBox mouse integration: (accel) acceleration factor: 2.000
[  3200.831] (**) VirtualBox mouse integration: (accel) acceleration threshold: 4
[  3200.831] (II) event7  - VirtualBox mouse integration: is tagged by udev as: Mouse
[  3200.831] (II) event7  - VirtualBox mouse integration: device is a pointer
[  3200.831] (II) config/udev: Adding input device VirtualBox mouse integration (/dev/input/js1)
[  3200.831] (II) No input driver specified, ignoring this device.
[  3200.831] (II) This device may have been added with another device file.
[  3200.831] (II) config/udev: Adding input device VirtualBox mouse integration (/dev/input/mouse2)
[  3200.832] (II) No input driver specified, ignoring this device.
[  3200.832] (II) This device may have been added with another device file.
[  3200.832] (II) config/udev: Adding input device VirtualBox USB Tablet (/dev/input/event4)
[  3200.832] (**) VirtualBox USB Tablet: Applying InputClass "libinput pointer catchall"
[  3200.832] (II) Using input driver 'libinput' for 'VirtualBox USB Tablet'
[  3200.833] (II) systemd-logind: got fd for /dev/input/event4 13:68 fd 19 paused 0
[  3200.833] (**) VirtualBox USB Tablet: always reports core events
[  3200.833] (**) Option "Device" "/dev/input/event4"
[  3200.833] (**) Option "_source" "server/udev"
[  3200.833] (II) event4  - VirtualBox USB Tablet: is tagged by udev as: Mouse
[  3200.833] (II) event4  - VirtualBox USB Tablet: device is a pointer
[  3200.834] (II) event4  - VirtualBox USB Tablet: device removed
[  3200.834] (**) Option "config_info" "udev:/sys/devices/pci0000:00/0000:00:06.0/usb1/1-1/1-1:1.0/0003:80EE:0021.0001/input/input5/event4"
[  3200.834] (II) XINPUT: Adding extended input device "VirtualBox USB Tablet" (type: MOUSE, id 10)
[  3200.834] (**) Option "AccelerationScheme" "none"
[  3200.834] (**) VirtualBox USB Tablet: (accel) selected scheme none/0
[  3200.834] (**) VirtualBox USB Tablet: (accel) acceleration factor: 2.000
[  3200.834] (**) VirtualBox USB Tablet: (accel) acceleration threshold: 4
[  3200.834] (II) event4  - VirtualBox USB Tablet: is tagged by udev as: Mouse
[  3200.834] (II) event4  - VirtualBox USB Tablet: device is a pointer
[  3200.835] (II) config/udev: Adding input device VirtualBox USB Tablet (/dev/input/js0)
[  3200.835] (II) No input driver specified, ignoring this device.
[  3200.835] (II) This device may have been added with another device file.
[  3200.835] (II) config/udev: Adding input device VirtualBox USB Tablet (/dev/input/mouse1)
[  3200.835] (II) No input driver specified, ignoring this device.
[  3200.835] (II) This device may have been added with another device file.
[  3200.835] (II) config/udev: Adding input device AT Translated Set 2 keyboard (/dev/input/event2)
[  3200.835] (**) AT Translated Set 2 keyboard: Applying InputClass "libinput keyboard catchall"
[  3200.835] (II) Using input driver 'libinput' for 'AT Translated Set 2 keyboard'
[  3200.836] (II) systemd-logind: got fd for /dev/input/event2 13:66 fd 20 paused 0
[  3200.836] (**) AT Translated Set 2 keyboard: always reports core events
[  3200.836] (**) Option "Device" "/dev/input/event2"
[  3200.836] (**) Option "_source" "server/udev"
[  3200.836] (II) event2  - AT Translated Set 2 keyboard: is tagged by udev as: Keyboard
[  3200.836] (II) event2  - AT Translated Set 2 keyboard: device is a keyboard
[  3200.837] (II) event2  - AT Translated Set 2 keyboard: device removed
[  3200.837] (**) Option "config_info" "udev:/sys/devices/platform/i8042/serio0/input/input2/event2"
[  3200.837] (II) XINPUT: Adding extended input device "AT Translated Set 2 keyboard" (type: KEYBOARD, id 11)
[  3200.837] (II) event2  - AT Translated Set 2 keyboard: is tagged by udev as: Keyboard
[  3200.837] (II) event2  - AT Translated Set 2 keyboard: device is a keyboard
[  3200.838] (II) config/udev: Adding input device ImExPS/2 Generic Explorer Mouse (/dev/input/event3)
[  3200.838] (**) ImExPS/2 Generic Explorer Mouse: Applying InputClass "libinput pointer catchall"
[  3200.838] (II) Using input driver 'libinput' for 'ImExPS/2 Generic Explorer Mouse'
[  3200.838] (II) systemd-logind: got fd for /dev/input/event3 13:67 fd 21 paused 0
[  3200.838] (**) ImExPS/2 Generic Explorer Mouse: always reports core events
[  3200.838] (**) Option "Device" "/dev/input/event3"
[  3200.838] (**) Option "_source" "server/udev"
[  3200.839] (II) event3  - ImExPS/2 Generic Explorer Mouse: is tagged by udev as: Mouse
[  3200.839] (II) event3  - ImExPS/2 Generic Explorer Mouse: device is a pointer
[  3200.839] (II) event3  - ImExPS/2 Generic Explorer Mouse: device removed
[  3200.839] (**) Option "config_info" "udev:/sys/devices/platform/i8042/serio1/input/input4/event3"
[  3200.839] (II) XINPUT: Adding extended input device "ImExPS/2 Generic Explorer Mouse" (type: MOUSE, id 12)
[  3200.839] (**) Option "AccelerationScheme" "none"
[  3200.839] (**) ImExPS/2 Generic Explorer Mouse: (accel) selected scheme none/0
[  3200.839] (**) ImExPS/2 Generic Explorer Mouse: (accel) acceleration factor: 2.000
[  3200.839] (**) ImExPS/2 Generic Explorer Mouse: (accel) acceleration threshold: 4
[  3200.839] (II) event3  - ImExPS/2 Generic Explorer Mouse: is tagged by udev as: Mouse
[  3200.839] (II) event3  - ImExPS/2 Generic Explorer Mouse: device is a pointer
[  3200.840] (II) config/udev: Adding input device ImExPS/2 Generic Explorer Mouse (/dev/input/mouse0)
[  3200.840] (II) No input driver specified, ignoring this device.
[  3200.840] (II) This device may have been added with another device file.
[  3200.840] (II) config/udev: Adding input device PC Speaker (/dev/input/event5)
[  3200.840] (II) No input driver specified, ignoring this device.
[  3200.840] (II) This device may have been added with another device file.
[  3200.868] (II) modeset(0): Allocate new frame buffer 2560x1080 stride
[  4371.360] (**) Option "fd" "13"
[  4371.360] (II) event0  - Power Button: device removed
[  4371.360] (**) Option "fd" "16"
[  4371.360] (II) event1  - Sleep Button: device removed
[  4371.360] (**) Option "fd" "17"
[  4371.360] (II) event6  - Video Bus: device removed
[  4371.360] (**) Option "fd" "18"
[  4371.360] (II) event7  - VirtualBox mouse integration: device removed
[  4371.360] (**) Option "fd" "19"
[  4371.360] (II) event4  - VirtualBox USB Tablet: device removed
[  4371.361] (**) Option "fd" "20"
[  4371.361] (II) event2  - AT Translated Set 2 keyboard: device removed
[  4371.361] (**) Option "fd" "21"
[  4371.361] (II) event3  - ImExPS/2 Generic Explorer Mouse: device removed
[  4371.361] (II) systemd-logind: got pause for 13:65
[  4371.361] (II) systemd-logind: got pause for 13:64
[  4371.361] (II) systemd-logind: got pause for 13:67
[  4371.361] (II) systemd-logind: got pause for 13:66
[  4371.361] (II) systemd-logind: got pause for 13:68
[  4371.361] (II) systemd-logind: got pause for 13:70
[  4371.361] (II) systemd-logind: got pause for 226:0
[  4371.361] (II) systemd-logind: got pause for 13:71
[  4393.463] (II) systemd-logind: got resume for 13:65
[  4393.515] (II) systemd-logind: got resume for 13:64
[  4393.566] (II) systemd-logind: got resume for 13:67
[  4393.610] (II) systemd-logind: got resume for 13:66
[  4393.660] (II) systemd-logind: got resume for 13:68
[  4393.729] (II) systemd-logind: got resume for 13:70
[  4393.729] (II) systemd-logind: got resume for 226:0
[  4393.741] (II) event0  - Power Button: is tagged by udev as: Keyboard
[  4393.741] (II) event0  - Power Button: device is a keyboard
[  4393.742] (II) event1  - Sleep Button: is tagged by udev as: Keyboard
[  4393.742] (II) event1  - Sleep Button: device is a keyboard
[  4393.743] (II) event6  - Video Bus: is tagged by udev as: Keyboard
[  4393.743] (II) event6  - Video Bus: device is a keyboard
[  4393.744] (II) event4  - VirtualBox USB Tablet: is tagged by udev as: Mouse
[  4393.744] (II) event4  - VirtualBox USB Tablet: device is a pointer
[  4393.745] (II) event2  - AT Translated Set 2 keyboard: is tagged by udev as: Keyboard
[  4393.745] (II) event2  - AT Translated Set 2 keyboard: device is a keyboard
[  4393.746] (II) event3  - ImExPS/2 Generic Explorer Mouse: is tagged by udev as: Mouse
[  4393.746] (II) event3  - ImExPS/2 Generic Explorer Mouse: device is a pointer
[  4393.747] (II) systemd-logind: got resume for 13:71
[  4393.747] (II) event7  - VirtualBox mouse integration: is tagged by udev as: Mouse
[  4393.747] (II) event7  - VirtualBox mouse integration: device is a pointer
[  4405.764] (**) Option "fd" "17"
[  4405.764] (II) event0  - Power Button: device removed
[  4405.764] (**) Option "fd" "16"
[  4405.764] (II) event1  - Sleep Button: device removed
[  4405.764] (**) Option "fd" "33"
[  4405.764] (II) event6  - Video Bus: device removed
[  4405.764] (**) Option "fd" "20"
[  4405.764] (II) event4  - VirtualBox USB Tablet: device removed
[  4405.764] (**) Option "fd" "19"
[  4405.764] (II) event2  - AT Translated Set 2 keyboard: device removed
[  4405.764] (**) Option "fd" "18"
[  4405.764] (II) event3  - ImExPS/2 Generic Explorer Mouse: device removed
[  4405.764] (**) Option "fd" "34"
[  4405.764] (II) event7  - VirtualBox mouse integration: device removed
[  4405.766] (II) UnloadModule: "libinput"
[  4405.766] (II) systemd-logind: releasing fd for 13:71
[  4405.808] (II) UnloadModule: "libinput"
[  4405.808] (II) systemd-logind: releasing fd for 13:67
[  4405.862] (II) UnloadModule: "libinput"
[  4405.862] (II) systemd-logind: releasing fd for 13:66
[  4405.892] (II) UnloadModule: "libinput"
[  4405.892] (II) systemd-logind: releasing fd for 13:68
[  4405.955] (II) UnloadModule: "libinput"
[  4405.955] (II) systemd-logind: releasing fd for 13:70
[  4406.002] (II) UnloadModule: "libinput"
[  4406.002] (II) systemd-logind: releasing fd for 13:65
[  4406.047] (II) UnloadModule: "libinput"
[  4406.047] (II) systemd-logind: releasing fd for 13:64
[  4406.074] (WW) xf86CloseConsole: KDSETMODE failed: Input/output error
[  4406.074] (WW) xf86CloseConsole: VT_GETMODE failed: Input/output error
[  4406.074] (WW) xf86CloseConsole: VT_ACTIVATE failed: Input/output error
[  4406.075] (II) Server terminated successfully (0). Closing log file.
