[    18.627] (WW) Failed to open protocol names file lib/xorg/protocol.txt
[    18.628] 
X.Org X Server 1.20.10
X Protocol Version 11, Revision 0
[    18.628] Build Operating System: Linux Arch Linux
[    18.629] Current Operating System: Linux Odin 5.10.6-arch1-1 #1 SMP PREEMPT Sat, 09 Jan 2021 18:22:35 +0000 x86_64
[    18.629] Kernel command line: ro root=UUID=8267033a-27af-4843-bdd6-20871820638b initrd=\initramfs-linux.img
[    18.629] Build Date: 14 December 2020  12:10:29PM
[    18.630]  
[    18.630] Current version of pixman: 0.40.0
[    18.631] 	Before reporting problems, check http://wiki.x.org
	to make sure that you have the latest version.
[    18.631] Markers: (--) probed, (**) from config file, (==) default setting,
	(++) from command line, (!!) notice, (II) informational,
	(WW) warning, (EE) error, (NI) not implemented, (??) unknown.
[    18.632] (==) Log file: "/home/emph/.local/share/xorg/Xorg.0.log", Time: Sat Jan 16 21:20:02 2021
[    18.636] (==) Using system config directory "/usr/share/X11/xorg.conf.d"
[    18.636] (==) No Layout section.  Using the first Screen section.
[    18.636] (==) No screen section available. Using defaults.
[    18.636] (**) |-->Screen "Default Screen Section" (0)
[    18.636] (**) |   |-->Monitor "<default monitor>"
[    18.636] (==) No monitor specified for screen "Default Screen Section".
	Using a default monitor configuration.
[    18.636] (==) Automatically adding devices
[    18.636] (==) Automatically enabling devices
[    18.636] (==) Automatically adding GPU devices
[    18.636] (==) Automatically binding GPU devices
[    18.636] (==) Max clients allowed: 256, resource mask: 0x1fffff
[    18.637] (WW) The directory "/usr/share/fonts/misc" does not exist.
[    18.637] 	Entry deleted from font path.
[    18.638] (WW) The directory "/usr/share/fonts/OTF" does not exist.
[    18.638] 	Entry deleted from font path.
[    18.638] (WW) The directory "/usr/share/fonts/Type1" does not exist.
[    18.638] 	Entry deleted from font path.
[    18.640] (==) FontPath set to:
	/usr/share/fonts/TTF,
	/usr/share/fonts/100dpi,
	/usr/share/fonts/75dpi
[    18.640] (==) ModulePath set to "/usr/lib/xorg/modules"
[    18.640] (II) The server relies on udev to provide the list of input devices.
	If no devices become available, reconfigure udev or disable AutoAddDevices.
[    18.640] (II) Module ABI versions:
[    18.640] 	X.Org ANSI C Emulation: 0.4
[    18.640] 	X.Org Video Driver: 24.1
[    18.640] 	X.Org XInput driver : 24.1
[    18.640] 	X.Org Server Extension : 10.0
[    18.640] (++) using VT number 1

[    18.641] (II) systemd-logind: took control of session /org/freedesktop/login1/session/_31
[    18.642] (II) xfree86: Adding drm device (/dev/dri/card0)
[    18.642] (II) systemd-logind: got fd for /dev/dri/card0 226:0 fd 10 paused 0
[    18.643] (--) PCI:*(0@0:2:0) 80ee:beef:15ad:0405 rev 0, Mem @ 0xe0000000/134217728, 0xe8400000/2097152, I/O @ 0x0000c170/16, BIOS @ 0x????????/131072
[    18.643] (WW) Open ACPI failed (/var/run/acpid.socket) (No such file or directory)
[    18.643] (II) LoadModule: "glx"
[    18.643] (II) Loading /usr/lib/xorg/modules/extensions/libglx.so
[    18.652] (II) Module glx: vendor="X.Org Foundation"
[    18.652] 	compiled for 1.20.10, module version = 1.0.0
[    18.652] 	ABI class: X.Org Server Extension, version 10.0
[    18.652] (==) Matched vboxvideo as autoconfigured driver 0
[    18.652] (==) Matched modesetting as autoconfigured driver 1
[    18.652] (==) Matched fbdev as autoconfigured driver 2
[    18.652] (==) Matched vesa as autoconfigured driver 3
[    18.652] (==) Assigned the driver to the xf86ConfigLayout
[    18.652] (II) LoadModule: "vboxvideo"
[    18.652] (WW) Warning, couldn't open module vboxvideo
[    18.652] (EE) Failed to load module "vboxvideo" (module does not exist, 0)
[    18.652] (II) LoadModule: "modesetting"
[    18.652] (II) Loading /usr/lib/xorg/modules/drivers/modesetting_drv.so
[    18.653] (II) Module modesetting: vendor="X.Org Foundation"
[    18.653] 	compiled for 1.20.10, module version = 1.20.10
[    18.653] 	Module class: X.Org Video Driver
[    18.653] 	ABI class: X.Org Video Driver, version 24.1
[    18.653] (II) LoadModule: "fbdev"
[    18.653] (WW) Warning, couldn't open module fbdev
[    18.653] (EE) Failed to load module "fbdev" (module does not exist, 0)
[    18.653] (II) LoadModule: "vesa"
[    18.653] (II) Loading /usr/lib/xorg/modules/drivers/vesa_drv.so
[    18.654] (II) Module vesa: vendor="X.Org Foundation"
[    18.654] 	compiled for 1.20.9, module version = 2.5.0
[    18.654] 	Module class: X.Org Video Driver
[    18.654] 	ABI class: X.Org Video Driver, version 24.1
[    18.654] (II) modesetting: Driver for Modesetting Kernel Drivers: kms
[    18.654] (II) VESA: driver for VESA chipsets: vesa
[    18.654] xf86EnableIOPorts: failed to set IOPL for I/O (Operation not permitted)
[    18.654] (II) modeset(0): using drv /dev/dri/card0
[    18.654] (WW) VGA arbiter: cannot open kernel arbiter, no multi-card support
[    18.654] (II) modeset(0): Creating default Display subsection in Screen section
	"Default Screen Section" for depth/fbbpp 24/32
[    18.654] (==) modeset(0): Depth 24, (==) framebuffer bpp 32
[    18.654] (==) modeset(0): RGB weight 888
[    18.654] (==) modeset(0): Default visual is TrueColor
[    18.654] (II) Loading sub module "glamoregl"
[    18.654] (II) LoadModule: "glamoregl"
[    18.654] (II) Loading /usr/lib/xorg/modules/libglamoregl.so
[    18.659] (II) Module glamoregl: vendor="X.Org Foundation"
[    18.659] 	compiled for 1.20.10, module version = 1.0.1
[    18.659] 	ABI class: X.Org ANSI C Emulation, version 0.4
[    18.892] (II) modeset(0): Refusing to try glamor on llvmpipe
[    18.897] (EE) modeset(0): glamor initialization failed
[    18.897] (II) modeset(0): ShadowFB: preferred NO, enabled NO
[    18.897] (II) modeset(0): Output VGA-1 has no monitor section
[    18.898] (II) modeset(0): EDID for output VGA-1
[    18.898] (II) modeset(0): Manufacturer: VBX  Model: 0  Serial#: 94375280
[    18.898] (II) modeset(0): Year: 1990  Week: 1
[    18.898] (II) modeset(0): EDID Version: 1.3
[    18.898] (II) modeset(0): Digital Display Input
[    18.898] (II) modeset(0): Indeterminate output size
[    18.898] (II) modeset(0): Gamma: 2.20
[    18.898] (II) modeset(0): DPMS capabilities: StandBy Suspend Off
[    18.898] (II) modeset(0): Supported color encodings: RGB 4:4:4 YCrCb 4:4:4 
[    18.898] (II) modeset(0): Default color space is primary color space
[    18.898] (II) modeset(0): First detailed timing is preferred mode
[    18.898] (II) modeset(0): redX: 0.640 redY: 0.330   greenX: 0.300 greenY: 0.600
[    18.898] (II) modeset(0): blueX: 0.150 blueY: 0.060   whiteX: 0.312 whiteY: 0.329
[    18.898] (II) modeset(0): Manufacturer's mask: 0
[    18.898] (II) modeset(0): Supported detailed timing:
[    18.898] (II) modeset(0): clock: 299.0 MHz   Image Size:  0 x 0 mm
[    18.898] (II) modeset(0): h_active: 3440  h_sync: 3442  h_sync_end 3444 h_blank_end 3446 h_border: 0
[    18.898] (II) modeset(0): v_active: 1440  v_sync: 1440  v_sync_end 1474 v_blanking: 1446 v_border: 0
[    18.898] (II) modeset(0): Ranges: V min: 0 V max: 200 Hz, H min: 0 H max: 200 kHz, PixClock max 1005 MHz
[    18.898] (II) modeset(0): Monitor name: VBOX monitor
[    18.898] (II) modeset(0): EDID (in hex):
[    18.898] (II) modeset(0): 	00ffffffffffff0058580000700da005
[    18.898] (II) modeset(0): 	0100010380000078eeee91a3544c9926
[    18.898] (II) modeset(0): 	0f505400000001010101010101010101
[    18.898] (II) modeset(0): 	010101010101c9747006d0a006500202
[    18.898] (II) modeset(0): 	0202000000000000000000fd0000c800
[    18.898] (II) modeset(0): 	c864000a202020202020000000fc0056
[    18.898] (II) modeset(0): 	424f58206d6f6e69746f720a00000010
[    18.898] (II) modeset(0): 	000a20202020202020202020202000c2
[    18.898] (II) modeset(0): Printing probed modes for output VGA-1
[    18.898] (II) modeset(0): Modeline "3440x1440"x60.0  419.77  3440 3696 4064 4688  1440 1443 1453 1493 -hsync +vsync (89.5 kHz P)
[    18.898] (II) modeset(0): Modeline "2560x1600"x60.0  348.50  2560 2752 3032 3504  1600 1603 1609 1658 -hsync +vsync (99.5 kHz e)
[    18.898] (II) modeset(0): Modeline "2560x1600"x60.0  268.50  2560 2608 2640 2720  1600 1603 1609 1646 +hsync -vsync (98.7 kHz e)
[    18.898] (II) modeset(0): Modeline "1920x1440"x60.0  234.00  1920 2048 2256 2600  1440 1441 1444 1500 -hsync +vsync (90.0 kHz e)
[    18.898] (II) modeset(0): Modeline "1856x1392"x60.0  218.25  1856 1952 2176 2528  1392 1393 1396 1439 -hsync +vsync (86.3 kHz e)
[    18.898] (II) modeset(0): Modeline "1792x1344"x60.0  204.75  1792 1920 2120 2448  1344 1345 1348 1394 -hsync +vsync (83.6 kHz e)
[    18.898] (II) modeset(0): Modeline "2048x1152"x60.0  162.00  2048 2074 2154 2250  1152 1153 1156 1200 +hsync +vsync (72.0 kHz e)
[    18.898] (II) modeset(0): Modeline "1920x1200"x59.9  193.25  1920 2056 2256 2592  1200 1203 1209 1245 -hsync +vsync (74.6 kHz e)
[    18.898] (II) modeset(0): Modeline "1920x1200"x60.0  154.00  1920 1968 2000 2080  1200 1203 1209 1235 +hsync -vsync (74.0 kHz e)
[    18.898] (II) modeset(0): Modeline "1920x1080"x60.0  148.50  1920 2008 2052 2200  1080 1084 1089 1125 -hsync -vsync (67.5 kHz e)
[    18.898] (II) modeset(0): Modeline "1600x1200"x60.0  162.00  1600 1664 1856 2160  1200 1201 1204 1250 +hsync +vsync (75.0 kHz e)
[    18.898] (II) modeset(0): Modeline "1680x1050"x60.0  146.25  1680 1784 1960 2240  1050 1053 1059 1089 -hsync +vsync (65.3 kHz e)
[    18.898] (II) modeset(0): Modeline "1680x1050"x59.9  119.00  1680 1728 1760 1840  1050 1053 1059 1080 +hsync -vsync (64.7 kHz e)
[    18.898] (II) modeset(0): Modeline "1400x1050"x60.0  121.75  1400 1488 1632 1864  1050 1053 1057 1089 -hsync +vsync (65.3 kHz e)
[    18.898] (II) modeset(0): Modeline "1400x1050"x59.9  101.00  1400 1448 1480 1560  1050 1053 1057 1080 +hsync -vsync (64.7 kHz e)
[    18.898] (II) modeset(0): Modeline "1600x900"x60.0  108.00  1600 1624 1704 1800  900 901 904 1000 +hsync +vsync (60.0 kHz e)
[    18.898] (II) modeset(0): Modeline "1280x1024"x60.0  108.00  1280 1328 1440 1688  1024 1025 1028 1066 +hsync +vsync (64.0 kHz e)
[    18.898] (II) modeset(0): Modeline "1440x900"x59.9  106.50  1440 1520 1672 1904  900 903 909 934 -hsync +vsync (55.9 kHz e)
[    18.898] (II) modeset(0): Modeline "1440x900"x59.9   88.75  1440 1488 1520 1600  900 903 909 926 +hsync -vsync (55.5 kHz e)
[    18.898] (II) modeset(0): Modeline "1280x960"x60.0  108.00  1280 1376 1488 1800  960 961 964 1000 +hsync +vsync (60.0 kHz e)
[    18.898] (II) modeset(0): Modeline "1366x768"x59.8   85.50  1366 1436 1579 1792  768 771 774 798 +hsync +vsync (47.7 kHz e)
[    18.898] (II) modeset(0): Modeline "1366x768"x60.0   72.00  1366 1380 1436 1500  768 769 772 800 +hsync +vsync (48.0 kHz e)
[    18.898] (II) modeset(0): Modeline "1360x768"x60.0   85.50  1360 1424 1536 1792  768 771 777 795 +hsync +vsync (47.7 kHz e)
[    18.898] (II) modeset(0): Modeline "1280x800"x59.8   83.50  1280 1352 1480 1680  800 803 809 831 -hsync +vsync (49.7 kHz e)
[    18.898] (II) modeset(0): Modeline "1280x800"x59.9   71.00  1280 1328 1360 1440  800 803 809 823 +hsync -vsync (49.3 kHz e)
[    18.898] (II) modeset(0): Modeline "1280x768"x59.9   79.50  1280 1344 1472 1664  768 771 778 798 -hsync +vsync (47.8 kHz e)
[    18.898] (II) modeset(0): Modeline "1280x768"x60.0   68.25  1280 1328 1360 1440  768 771 778 790 +hsync -vsync (47.4 kHz e)
[    18.898] (II) modeset(0): Modeline "1280x720"x60.0   74.25  1280 1390 1430 1650  720 725 730 750 +hsync +vsync (45.0 kHz e)
[    18.898] (II) modeset(0): Modeline "1024x768"x60.0   65.00  1024 1048 1184 1344  768 771 777 806 -hsync -vsync (48.4 kHz e)
[    18.898] (II) modeset(0): Modeline "800x600"x60.3   40.00  800 840 968 1056  600 601 605 628 +hsync +vsync (37.9 kHz e)
[    18.898] (II) modeset(0): Modeline "800x600"x56.2   36.00  800 824 896 1024  600 601 603 625 +hsync +vsync (35.2 kHz e)
[    18.898] (II) modeset(0): Modeline "848x480"x60.0   33.75  848 864 976 1088  480 486 494 517 +hsync +vsync (31.0 kHz e)
[    18.898] (II) modeset(0): Modeline "640x480"x59.9   25.18  640 656 752 800  480 490 492 525 -hsync -vsync (31.5 kHz e)
[    18.898] (II) modeset(0): Output VGA-1 connected
[    18.898] (II) modeset(0): Using exact sizes for initial modes
[    18.898] (II) modeset(0): Output VGA-1 using initial mode 3440x1440 +0+0
[    18.898] (==) modeset(0): Using gamma correction (1.0, 1.0, 1.0)
[    18.898] (==) modeset(0): DPI set to (96, 96)
[    18.898] (II) Loading sub module "fb"
[    18.898] (II) LoadModule: "fb"
[    18.898] (II) Loading /usr/lib/xorg/modules/libfb.so
[    18.899] (II) Module fb: vendor="X.Org Foundation"
[    18.899] 	compiled for 1.20.10, module version = 1.0.0
[    18.899] 	ABI class: X.Org ANSI C Emulation, version 0.4
[    18.899] (II) UnloadModule: "vesa"
[    18.899] (II) Unloading vesa
[    18.900] (==) modeset(0): Backing store enabled
[    18.900] (==) modeset(0): Silken mouse disabled
[    18.900] (II) modeset(0): Initializing kms color map for depth 24, 8 bpc.
[    18.900] (==) modeset(0): DPMS enabled
[    18.900] (II) Initializing extension Generic Event Extension
[    18.900] (II) Initializing extension SHAPE
[    18.900] (II) Initializing extension MIT-SHM
[    18.900] (II) Initializing extension XInputExtension
[    18.901] (II) Initializing extension XTEST
[    18.901] (II) Initializing extension BIG-REQUESTS
[    18.901] (II) Initializing extension SYNC
[    18.901] (II) Initializing extension XKEYBOARD
[    18.901] (II) Initializing extension XC-MISC
[    18.901] (II) Initializing extension SECURITY
[    18.901] (II) Initializing extension XFIXES
[    18.901] (II) Initializing extension RENDER
[    18.901] (II) Initializing extension RANDR
[    18.901] (II) Initializing extension COMPOSITE
[    18.901] (II) Initializing extension DAMAGE
[    18.901] (II) Initializing extension MIT-SCREEN-SAVER
[    18.901] (II) Initializing extension DOUBLE-BUFFER
[    18.901] (II) Initializing extension RECORD
[    18.901] (II) Initializing extension DPMS
[    18.901] (II) Initializing extension Present
[    18.901] (II) Initializing extension DRI3
[    18.901] (II) Initializing extension X-Resource
[    18.901] (II) Initializing extension XVideo
[    18.901] (II) Initializing extension XVideo-MotionCompensation
[    18.901] (II) Initializing extension GLX
[    18.901] (II) AIGLX: Screen 0 is not DRI2 capable
[    18.906] (II) IGLX: Loaded and initialized swrast
[    18.906] (II) GLX: Initialized DRISWRAST GL provider for screen 0
[    18.907] (II) Initializing extension XFree86-VidModeExtension
[    18.907] (II) Initializing extension XFree86-DGA
[    18.907] (II) Initializing extension XFree86-DRI
[    18.907] (II) Initializing extension DRI2
[    18.907] (II) modeset(0): Damage tracking initialized
[    18.907] (II) modeset(0): Setting screen physical size to 910 x 381
[    18.961] (II) config/udev: Adding input device Power Button (/dev/input/event0)
[    18.961] (**) Power Button: Applying InputClass "libinput keyboard catchall"
[    18.961] (II) LoadModule: "libinput"
[    18.961] (II) Loading /usr/lib/xorg/modules/input/libinput_drv.so
[    18.964] (II) Module libinput: vendor="X.Org Foundation"
[    18.964] 	compiled for 1.20.8, module version = 0.30.0
[    18.964] 	Module class: X.Org XInput Driver
[    18.964] 	ABI class: X.Org XInput driver, version 24.1
[    18.964] (II) Using input driver 'libinput' for 'Power Button'
[    18.965] (II) systemd-logind: got fd for /dev/input/event0 13:64 fd 13 paused 0
[    18.965] (**) Power Button: always reports core events
[    18.965] (**) Option "Device" "/dev/input/event0"
[    18.965] (**) Option "_source" "server/udev"
[    18.968] (II) event0  - Power Button: is tagged by udev as: Keyboard
[    18.968] (II) event0  - Power Button: device is a keyboard
[    18.968] (II) event0  - Power Button: device removed
[    18.968] (**) Option "config_info" "udev:/sys/devices/LNXSYSTM:00/LNXPWRBN:00/input/input0/event0"
[    18.968] (II) XINPUT: Adding extended input device "Power Button" (type: KEYBOARD, id 6)
[    18.969] (II) event0  - Power Button: is tagged by udev as: Keyboard
[    18.969] (II) event0  - Power Button: device is a keyboard
[    18.969] (II) config/udev: Adding input device Sleep Button (/dev/input/event1)
[    18.969] (**) Sleep Button: Applying InputClass "libinput keyboard catchall"
[    18.969] (II) Using input driver 'libinput' for 'Sleep Button'
[    18.970] (II) systemd-logind: got fd for /dev/input/event1 13:65 fd 16 paused 0
[    18.970] (**) Sleep Button: always reports core events
[    18.970] (**) Option "Device" "/dev/input/event1"
[    18.970] (**) Option "_source" "server/udev"
[    18.970] (II) event1  - Sleep Button: is tagged by udev as: Keyboard
[    18.970] (II) event1  - Sleep Button: device is a keyboard
[    18.970] (II) event1  - Sleep Button: device removed
[    18.970] (**) Option "config_info" "udev:/sys/devices/LNXSYSTM:00/LNXSLPBN:00/input/input1/event1"
[    18.970] (II) XINPUT: Adding extended input device "Sleep Button" (type: KEYBOARD, id 7)
[    18.971] (II) event1  - Sleep Button: is tagged by udev as: Keyboard
[    18.971] (II) event1  - Sleep Button: device is a keyboard
[    18.971] (II) config/udev: Adding input device Video Bus (/dev/input/event7)
[    18.971] (**) Video Bus: Applying InputClass "libinput keyboard catchall"
[    18.971] (II) Using input driver 'libinput' for 'Video Bus'
[    18.971] (II) systemd-logind: got fd for /dev/input/event7 13:71 fd 17 paused 0
[    18.972] (**) Video Bus: always reports core events
[    18.972] (**) Option "Device" "/dev/input/event7"
[    18.972] (**) Option "_source" "server/udev"
[    18.972] (II) event7  - Video Bus: is tagged by udev as: Keyboard
[    18.972] (II) event7  - Video Bus: device is a keyboard
[    18.972] (II) event7  - Video Bus: device removed
[    18.972] (**) Option "config_info" "udev:/sys/devices/LNXSYSTM:00/LNXSYBUS:00/PNP0A03:00/LNXVIDEO:00/input/input8/event7"
[    18.972] (II) XINPUT: Adding extended input device "Video Bus" (type: KEYBOARD, id 8)
[    18.973] (II) event7  - Video Bus: is tagged by udev as: Keyboard
[    18.973] (II) event7  - Video Bus: device is a keyboard
[    18.973] (II) config/udev: Adding input device VirtualBox mouse integration (/dev/input/event5)
[    18.973] (**) VirtualBox mouse integration: Applying InputClass "libinput pointer catchall"
[    18.973] (II) Using input driver 'libinput' for 'VirtualBox mouse integration'
[    18.973] (II) systemd-logind: got fd for /dev/input/event5 13:69 fd 18 paused 0
[    18.973] (**) VirtualBox mouse integration: always reports core events
[    18.973] (**) Option "Device" "/dev/input/event5"
[    18.973] (**) Option "_source" "server/udev"
[    18.974] (II) event5  - VirtualBox mouse integration: is tagged by udev as: Mouse
[    18.974] (II) event5  - VirtualBox mouse integration: device is a pointer
[    18.974] (II) event5  - VirtualBox mouse integration: device removed
[    18.974] (**) Option "config_info" "udev:/sys/devices/pci0000:00/0000:00:04.0/input/input6/event5"
[    18.974] (II) XINPUT: Adding extended input device "VirtualBox mouse integration" (type: MOUSE, id 9)
[    18.974] (**) Option "AccelerationScheme" "none"
[    18.974] (**) VirtualBox mouse integration: (accel) selected scheme none/0
[    18.974] (**) VirtualBox mouse integration: (accel) acceleration factor: 2.000
[    18.974] (**) VirtualBox mouse integration: (accel) acceleration threshold: 4
[    18.974] (II) event5  - VirtualBox mouse integration: is tagged by udev as: Mouse
[    18.974] (II) event5  - VirtualBox mouse integration: device is a pointer
[    18.975] (II) config/udev: Adding input device VirtualBox mouse integration (/dev/input/js1)
[    18.975] (II) No input driver specified, ignoring this device.
[    18.975] (II) This device may have been added with another device file.
[    18.975] (II) config/udev: Adding input device VirtualBox mouse integration (/dev/input/mouse2)
[    18.975] (II) No input driver specified, ignoring this device.
[    18.975] (II) This device may have been added with another device file.
[    18.976] (II) config/udev: Adding input device VirtualBox USB Tablet (/dev/input/event4)
[    18.976] (**) VirtualBox USB Tablet: Applying InputClass "libinput pointer catchall"
[    18.976] (II) Using input driver 'libinput' for 'VirtualBox USB Tablet'
[    19.034] (II) systemd-logind: got fd for /dev/input/event4 13:68 fd 19 paused 0
[    19.034] (**) VirtualBox USB Tablet: always reports core events
[    19.034] (**) Option "Device" "/dev/input/event4"
[    19.034] (**) Option "_source" "server/udev"
[    19.035] (II) event4  - VirtualBox USB Tablet: is tagged by udev as: Mouse
[    19.035] (II) event4  - VirtualBox USB Tablet: device is a pointer
[    19.035] (II) event4  - VirtualBox USB Tablet: device removed
[    19.035] (**) Option "config_info" "udev:/sys/devices/pci0000:00/0000:00:06.0/usb1/1-1/1-1:1.0/0003:80EE:0021.0001/input/input5/event4"
[    19.035] (II) XINPUT: Adding extended input device "VirtualBox USB Tablet" (type: MOUSE, id 10)
[    19.035] (**) Option "AccelerationScheme" "none"
[    19.035] (**) VirtualBox USB Tablet: (accel) selected scheme none/0
[    19.035] (**) VirtualBox USB Tablet: (accel) acceleration factor: 2.000
[    19.035] (**) VirtualBox USB Tablet: (accel) acceleration threshold: 4
[    19.036] (II) event4  - VirtualBox USB Tablet: is tagged by udev as: Mouse
[    19.036] (II) event4  - VirtualBox USB Tablet: device is a pointer
[    19.036] (II) config/udev: Adding input device VirtualBox USB Tablet (/dev/input/js0)
[    19.036] (II) No input driver specified, ignoring this device.
[    19.036] (II) This device may have been added with another device file.
[    19.037] (II) config/udev: Adding input device VirtualBox USB Tablet (/dev/input/mouse1)
[    19.037] (II) No input driver specified, ignoring this device.
[    19.037] (II) This device may have been added with another device file.
[    19.037] (II) config/udev: Adding input device AT Translated Set 2 keyboard (/dev/input/event2)
[    19.037] (**) AT Translated Set 2 keyboard: Applying InputClass "libinput keyboard catchall"
[    19.037] (II) Using input driver 'libinput' for 'AT Translated Set 2 keyboard'
[    19.037] (II) systemd-logind: got fd for /dev/input/event2 13:66 fd 20 paused 0
[    19.037] (**) AT Translated Set 2 keyboard: always reports core events
[    19.037] (**) Option "Device" "/dev/input/event2"
[    19.037] (**) Option "_source" "server/udev"
[    19.038] (II) event2  - AT Translated Set 2 keyboard: is tagged by udev as: Keyboard
[    19.038] (II) event2  - AT Translated Set 2 keyboard: device is a keyboard
[    19.038] (II) event2  - AT Translated Set 2 keyboard: device removed
[    19.038] (**) Option "config_info" "udev:/sys/devices/platform/i8042/serio0/input/input2/event2"
[    19.038] (II) XINPUT: Adding extended input device "AT Translated Set 2 keyboard" (type: KEYBOARD, id 11)
[    19.039] (II) event2  - AT Translated Set 2 keyboard: is tagged by udev as: Keyboard
[    19.039] (II) event2  - AT Translated Set 2 keyboard: device is a keyboard
[    19.039] (II) config/udev: Adding input device ImExPS/2 Generic Explorer Mouse (/dev/input/event3)
[    19.039] (**) ImExPS/2 Generic Explorer Mouse: Applying InputClass "libinput pointer catchall"
[    19.039] (II) Using input driver 'libinput' for 'ImExPS/2 Generic Explorer Mouse'
[    19.040] (II) systemd-logind: got fd for /dev/input/event3 13:67 fd 21 paused 0
[    19.040] (**) ImExPS/2 Generic Explorer Mouse: always reports core events
[    19.040] (**) Option "Device" "/dev/input/event3"
[    19.040] (**) Option "_source" "server/udev"
[    19.040] (II) event3  - ImExPS/2 Generic Explorer Mouse: is tagged by udev as: Mouse
[    19.040] (II) event3  - ImExPS/2 Generic Explorer Mouse: device is a pointer
[    19.041] (II) event3  - ImExPS/2 Generic Explorer Mouse: device removed
[    19.041] (**) Option "config_info" "udev:/sys/devices/platform/i8042/serio1/input/input4/event3"
[    19.041] (II) XINPUT: Adding extended input device "ImExPS/2 Generic Explorer Mouse" (type: MOUSE, id 12)
[    19.041] (**) Option "AccelerationScheme" "none"
[    19.041] (**) ImExPS/2 Generic Explorer Mouse: (accel) selected scheme none/0
[    19.041] (**) ImExPS/2 Generic Explorer Mouse: (accel) acceleration factor: 2.000
[    19.041] (**) ImExPS/2 Generic Explorer Mouse: (accel) acceleration threshold: 4
[    19.041] (II) event3  - ImExPS/2 Generic Explorer Mouse: is tagged by udev as: Mouse
[    19.041] (II) event3  - ImExPS/2 Generic Explorer Mouse: device is a pointer
[    19.041] (II) config/udev: Adding input device ImExPS/2 Generic Explorer Mouse (/dev/input/mouse0)
[    19.041] (II) No input driver specified, ignoring this device.
[    19.041] (II) This device may have been added with another device file.
[    19.042] (II) config/udev: Adding input device PC Speaker (/dev/input/event6)
[    19.042] (II) No input driver specified, ignoring this device.
[    19.042] (II) This device may have been added with another device file.
[    44.754] (II) modeset(0): EDID vendor "VBX", prod id 0
[    44.754] (II) modeset(0): DDCModeFromDetailedTiming: 3440x1440 Warning: We only handle separate sync.
[    44.754] (II) modeset(0): Using EDID range info for horizontal sync
[    44.754] (II) modeset(0): Using EDID range info for vertical refresh
[    66.336] (II) modeset(0): EDID vendor "VBX", prod id 0
[    66.336] (II) modeset(0): DDCModeFromDetailedTiming: 3440x1440 Warning: We only handle separate sync.
[    66.336] (II) modeset(0): Using hsync ranges from config file
[    66.336] (II) modeset(0): Using vrefresh ranges from config file
[   626.785] (EE) event5  - VirtualBox mouse integration: client bug: event processing lagging behind by 11ms, your system is too slow
[   633.216] (EE) event5  - VirtualBox mouse integration: client bug: event processing lagging behind by 13ms, your system is too slow
[   761.523] (EE) event5  - VirtualBox mouse integration: client bug: event processing lagging behind by 12ms, your system is too slow
